[0.054s] Invoking command in '/home/c/weston_ws/MPC_planner/build/local_map': CMAKE_PREFIX_PATH=/opt/ros/humble WSLENV=ELECTRON_RUN_AS_NODE/w:BASH_ENV/u /usr/bin/cmake --build /home/c/weston_ws/MPC_planner/build/local_map -- -j12 -l12
[0.407s] [35m[1mConsolidate compiler generated dependencies of target local_map[0m
[0.407s] [ 50%] [32mBuilding CXX object CMakeFiles/local_map.dir/src/local_map.cpp.o[0m
[19.056s] In file included from [01m[K/home/c/weston_ws/MPC_planner/src/local_map/src/local_map.cpp:33[m[K:
[19.056s] [01m[K/home/c/weston_ws/MPC_planner/src/local_map/include/KM.hpp:24:7:[m[K [01;31m[Kerror: [m[Kextra qualification â€˜[01m[KKMAlgorithm::[m[Kâ€™ on member â€˜[01m[Kupdate_his_list[m[Kâ€™ [[01;31m[K-fpermissive[m[K]
[19.056s]    24 |  void [01;31m[KKMAlgorithm[m[K::update_his_list(std::unordered_map<int, Ellipse>& used_label);
[19.056s]       |       [01;31m[K^~~~~~~~~~~[m[K
[23.182s] gmake[2]: *** [CMakeFiles/local_map.dir/build.make:76: CMakeFiles/local_map.dir/src/local_map.cpp.o] Error 1
[23.182s] gmake[1]: *** [CMakeFiles/Makefile2:137: CMakeFiles/local_map.dir/all] Error 2
[23.182s] gmake: *** [Makefile:146: all] Error 2
[23.184s] Invoked command in '/home/c/weston_ws/MPC_planner/build/local_map' returned '2': CMAKE_PREFIX_PATH=/opt/ros/humble WSLENV=ELECTRON_RUN_AS_NODE/w:BASH_ENV/u /usr/bin/cmake --build /home/c/weston_ws/MPC_planner/build/local_map -- -j12 -l12
