[01m[K/home/c/weston_ws/MPC_planner/src/scene/src/move_test.cpp:[m[K In constructor ‘[01m[KMovingCylinderNode::MovingCylinderNode()[m[K’:
[01m[K/home/c/weston_ws/MPC_planner/src/scene/src/move_test.cpp:24:101:[m[K [01;31m[Kerror: [m[Kno matching function for call to ‘[01m[KMovingCylinderNode::create_wall_timer(int&, std::_Bind_helper<false, void (MovingCylinderNode::*)(), MovingCylinderNode*>::type)[m[K’
   24 |         timer_ = this->create_wall_timer(time, std::bind(&MovingCylinderNode::updateCylinders, this)[01;31m[K)[m[K;
      |                                                                                                     [01;31m[K^[m[K
In file included from [01m[K/opt/ros/humble/include/rclcpp/rclcpp/executors/single_threaded_executor.hpp:28[m[K,
                 from [01m[K/opt/ros/humble/include/rclcpp/rclcpp/executors.hpp:22[m[K,
                 from [01m[K/opt/ros/humble/include/rclcpp/rclcpp/rclcpp.hpp:155[m[K,
                 from [01m[K/home/c/weston_ws/MPC_planner/src/scene/src/move_test.cpp:2[m[K:
[01m[K/opt/ros/humble/include/rclcpp/rclcpp/node.hpp:238:3:[m[K [01;36m[Knote: [m[Kcandidate: ‘[01m[Ktemplate<class DurationRepT, class DurationT, class CallbackT> typename rclcpp::WallTimer<CallbackT>::SharedPtr rclcpp::Node::create_wall_timer(std::chrono::duration<_Rep1, _Period1>, CallbackT, rclcpp::CallbackGroup::SharedPtr)[m[K’
  238 |   [01;36m[Kcreate_wall_timer[m[K(
      |   [01;36m[K^~~~~~~~~~~~~~~~~[m[K
[01m[K/opt/ros/humble/include/rclcpp/rclcpp/node.hpp:238:3:[m[K [01;36m[Knote: [m[K  template argument deduction/substitution failed:
[01m[K/home/c/weston_ws/MPC_planner/src/scene/src/move_test.cpp:24:101:[m[K [01;36m[Knote: [m[K  mismatched types ‘[01m[Kstd::chrono::duration<_Rep1, _Period1>[m[K’ and ‘[01m[Kint[m[K’
   24 |         timer_ = this->create_wall_timer(time, std::bind(&MovingCylinderNode::updateCylinders, this)[01;36m[K)[m[K;
      |                                                                                                     [01;36m[K^[m[K
[01m[K/home/c/weston_ws/MPC_planner/src/scene/src/move_test.cpp:[m[K In member function ‘[01m[Kvoid MovingCylinderNode::updateCylinders()[m[K’:
[01m[K/home/c/weston_ws/MPC_planner/src/scene/src/move_test.cpp:102:48:[m[K [01;35m[Kwarning: [m[K‘[01m[Krclcpp::Client<ServiceT>::FutureAndRequestId::operator rclcpp::Client<ServiceT>::SharedFuture() [with ServiceT = gazebo_msgs::srv::SetEntityState; rclcpp::Client<ServiceT>::SharedFuture = std::shared_future<std::shared_ptr<gazebo_msgs::srv::SetEntityState_Response_<std::allocator<void> > > >; typename ServiceT::Response::SharedPtr = std::shared_ptr<gazebo_msgs::srv::SetEntityState_Response_<std::allocator<void> > >][m[K’ is deprecated: FutureAndRequestId: use .future.share() instead of an implicit conversion [[01;35m[K-Wdeprecated-declarations[m[K]
  102 |                 futures.push_back(future_result[01;35m[K)[m[K; // 保存 future 对象
      |                                                [01;35m[K^[m[K
In file included from [01m[K/opt/ros/humble/include/rclcpp/rclcpp/callback_group.hpp:24[m[K,
                 from [01m[K/opt/ros/humble/include/rclcpp/rclcpp/any_executable.hpp:20[m[K,
                 from [01m[K/opt/ros/humble/include/rclcpp/rclcpp/memory_strategy.hpp:25[m[K,
                 from [01m[K/opt/ros/humble/include/rclcpp/rclcpp/memory_strategies.hpp:18[m[K,
                 from [01m[K/opt/ros/humble/include/rclcpp/rclcpp/executor_options.hpp:20[m[K,
                 from [01m[K/opt/ros/humble/include/rclcpp/rclcpp/executor.hpp:37[m[K,
                 from [01m[K/opt/ros/humble/include/rclcpp/rclcpp/executors/multi_threaded_executor.hpp:25[m[K,
                 from [01m[K/opt/ros/humble/include/rclcpp/rclcpp/executors.hpp:21[m[K,
                 from [01m[K/opt/ros/humble/include/rclcpp/rclcpp/rclcpp.hpp:155[m[K,
                 from [01m[K/home/c/weston_ws/MPC_planner/src/scene/src/move_test.cpp:2[m[K:
[01m[K/opt/ros/humble/include/rclcpp/rclcpp/client.hpp:415:5:[m[K [01;36m[Knote: [m[Kdeclared here
  415 |     [01;36m[Koperator[m[K SharedFuture() {return this->future.share();}
      |     [01;36m[K^~~~~~~~[m[K
gmake[2]: *** [CMakeFiles/move_test.dir/build.make:76: CMakeFiles/move_test.dir/src/move_test.cpp.o] Error 1
gmake[1]: *** [CMakeFiles/Makefile2:193: CMakeFiles/move_test.dir/all] Error 2
gmake: *** [Makefile:146: all] Error 2
