[ 16%] [32mBuilding CXX object CMakeFiles/move_test.dir/src/move_test.cpp.o[0m
[ 50%] Built target pseudo_odom
[ 83%] Built target odom_tf
[01m[K/home/c/weston_ws/MPC_planner/src/scene/src/move_test.cpp:[m[K In member function â€˜[01m[Kvoid MovingCylinderNode::updateCylinders()[m[Kâ€™:
[01m[K/home/c/weston_ws/MPC_planner/src/scene/src/move_test.cpp:82:13:[m[K [01;31m[Kerror: [m[Kâ€˜[01m[Kcylinder[m[Kâ€™ was not declared in this scope; did you mean â€˜[01m[Kcylinders_[m[Kâ€™?
   82 |             [01;31m[Kcylinder[m[K->reverseVel();
      |             [01;31m[K^~~~~~~~[m[K
      |             [32m[Kcylinders_[m[K
[01m[K/home/c/weston_ws/MPC_planner/src/scene/src/move_test.cpp:107:48:[m[K [01;35m[Kwarning: [m[Kâ€˜[01m[Krclcpp::Client<ServiceT>::FutureAndRequestId::operator rclcpp::Client<ServiceT>::SharedFuture() [with ServiceT = gazebo_msgs::srv::SetEntityState; rclcpp::Client<ServiceT>::SharedFuture = std::shared_future<std::shared_ptr<gazebo_msgs::srv::SetEntityState_Response_<std::allocator<void> > > >; typename ServiceT::Response::SharedPtr = std::shared_ptr<gazebo_msgs::srv::SetEntityState_Response_<std::allocator<void> > >][m[Kâ€™ is deprecated: FutureAndRequestId: use .future.share() instead of an implicit conversion [[01;35m[K-Wdeprecated-declarations[m[K]
  107 |                 futures.push_back(future_result[01;35m[K)[m[K; // ä¿å­˜ future å¯¹è±¡
      |                                                [01;35m[K^[m[K
In file included from [01m[K/opt/ros/humble/include/rclcpp/rclcpp/callback_group.hpp:24[m[K,
                 from [01m[K/opt/ros/humble/include/rclcpp/rclcpp/any_executable.hpp:20[m[K,
                 from [01m[K/opt/ros/humble/include/rclcpp/rclcpp/memory_strategy.hpp:25[m[K,
                 from [01m[K/opt/ros/humble/include/rclcpp/rclcpp/memory_strategies.hpp:18[m[K,
                 from [01m[K/opt/ros/humble/include/rclcpp/rclcpp/executor_options.hpp:20[m[K,
                 from [01m[K/opt/ros/humble/include/rclcpp/rclcpp/executor.hpp:37[m[K,
                 from [01m[K/opt/ros/humble/include/rclcpp/rclcpp/executors/multi_threaded_executor.hpp:25[m[K,
                 from [01m[K/opt/ros/humble/include/rclcpp/rclcpp/executors.hpp:21[m[K,
                 from [01m[K/opt/ros/humble/include/rclcpp/rclcpp/rclcpp.hpp:155[m[K,
                 from [01m[K/home/c/weston_ws/MPC_planner/src/scene/src/move_test.cpp:2[m[K:
[01m[K/opt/ros/humble/include/rclcpp/rclcpp/client.hpp:415:5:[m[K [01;36m[Knote: [m[Kdeclared here
  415 |     [01;36m[Koperator[m[K SharedFuture() {return this->future.share();}
      |     [01;36m[K^~~~~~~~[m[K
gmake[2]: *** [CMakeFiles/move_test.dir/build.make:76: CMakeFiles/move_test.dir/src/move_test.cpp.o] Error 1
gmake[1]: *** [CMakeFiles/Makefile2:193: CMakeFiles/move_test.dir/all] Error 2
gmake: *** [Makefile:146: all] Error 2
