[0.377s] Invoking command in '/home/c/weston_ws/MPC_planner/build/scene': CMAKE_PREFIX_PATH=/opt/ros/humble WSLENV=ELECTRON_RUN_AS_NODE/w:BASH_ENV/u /usr/bin/cmake --build /home/c/weston_ws/MPC_planner/build/scene -- -j12 -l12
[0.421s] [ 16%] [32mBuilding CXX object CMakeFiles/move_test.dir/src/move_test.cpp.o[0m
[0.432s] [ 50%] Built target pseudo_odom
[0.443s] [ 83%] Built target odom_tf
[2.442s] [01m[K/home/c/weston_ws/MPC_planner/src/scene/src/move_test.cpp:[m[K In member function ‘[01m[Kvoid MovingCylinderNode::updateCylinders()[m[K’:
[2.442s] [01m[K/home/c/weston_ws/MPC_planner/src/scene/src/move_test.cpp:82:13:[m[K [01;31m[Kerror: [m[K‘[01m[Kcylinder[m[K’ was not declared in this scope; did you mean ‘[01m[Kcylinders_[m[K’?
[2.442s]    82 |             [01;31m[Kcylinder[m[K->reverseVel();
[2.443s]       |             [01;31m[K^~~~~~~~[m[K
[2.443s]       |             [32m[Kcylinders_[m[K
[2.445s] [01m[K/home/c/weston_ws/MPC_planner/src/scene/src/move_test.cpp:107:48:[m[K [01;35m[Kwarning: [m[K‘[01m[Krclcpp::Client<ServiceT>::FutureAndRequestId::operator rclcpp::Client<ServiceT>::SharedFuture() [with ServiceT = gazebo_msgs::srv::SetEntityState; rclcpp::Client<ServiceT>::SharedFuture = std::shared_future<std::shared_ptr<gazebo_msgs::srv::SetEntityState_Response_<std::allocator<void> > > >; typename ServiceT::Response::SharedPtr = std::shared_ptr<gazebo_msgs::srv::SetEntityState_Response_<std::allocator<void> > >][m[K’ is deprecated: FutureAndRequestId: use .future.share() instead of an implicit conversion [[01;35m[K-Wdeprecated-declarations[m[K]
[2.445s]   107 |                 futures.push_back(future_result[01;35m[K)[m[K; // 保存 future 对象
[2.445s]       |                                                [01;35m[K^[m[K
[2.445s] In file included from [01m[K/opt/ros/humble/include/rclcpp/rclcpp/callback_group.hpp:24[m[K,
[2.445s]                  from [01m[K/opt/ros/humble/include/rclcpp/rclcpp/any_executable.hpp:20[m[K,
[2.445s]                  from [01m[K/opt/ros/humble/include/rclcpp/rclcpp/memory_strategy.hpp:25[m[K,
[2.445s]                  from [01m[K/opt/ros/humble/include/rclcpp/rclcpp/memory_strategies.hpp:18[m[K,
[2.445s]                  from [01m[K/opt/ros/humble/include/rclcpp/rclcpp/executor_options.hpp:20[m[K,
[2.445s]                  from [01m[K/opt/ros/humble/include/rclcpp/rclcpp/executor.hpp:37[m[K,
[2.445s]                  from [01m[K/opt/ros/humble/include/rclcpp/rclcpp/executors/multi_threaded_executor.hpp:25[m[K,
[2.445s]                  from [01m[K/opt/ros/humble/include/rclcpp/rclcpp/executors.hpp:21[m[K,
[2.445s]                  from [01m[K/opt/ros/humble/include/rclcpp/rclcpp/rclcpp.hpp:155[m[K,
[2.445s]                  from [01m[K/home/c/weston_ws/MPC_planner/src/scene/src/move_test.cpp:2[m[K:
[2.445s] [01m[K/opt/ros/humble/include/rclcpp/rclcpp/client.hpp:415:5:[m[K [01;36m[Knote: [m[Kdeclared here
[2.445s]   415 |     [01;36m[Koperator[m[K SharedFuture() {return this->future.share();}
[2.445s]       |     [01;36m[K^~~~~~~~[m[K
[3.912s] gmake[2]: *** [CMakeFiles/move_test.dir/build.make:76: CMakeFiles/move_test.dir/src/move_test.cpp.o] Error 1
[3.912s] gmake[1]: *** [CMakeFiles/Makefile2:193: CMakeFiles/move_test.dir/all] Error 2
[3.912s] gmake: *** [Makefile:146: all] Error 2
[3.914s] Invoked command in '/home/c/weston_ws/MPC_planner/build/scene' returned '2': CMAKE_PREFIX_PATH=/opt/ros/humble WSLENV=ELECTRON_RUN_AS_NODE/w:BASH_ENV/u /usr/bin/cmake --build /home/c/weston_ws/MPC_planner/build/scene -- -j12 -l12
